[Tue May  5 16:38:40 CEST 2026] Build succeeded
[Tue May  5 16:38:47 CEST 2026] Build succeeded
[Tue May  5 16:38:55 CEST 2026] Build succeeded
[Tue May  5 16:39:04 CEST 2026] Build succeeded
[Tue May  5 16:39:17 CEST 2026] Build succeeded
[Tue May  5 16:39:36 CEST 2026] Build succeeded
[Tue May  5 16:39:54 CEST 2026] Build succeeded
[Tue May  5 16:39:56 CEST 2026] Build succeeded
[Tue May  5 16:40:10 CEST 2026] Build succeeded
[Tue May  5 16:40:18 CEST 2026] Build succeeded
[Tue May  5 16:42:03 CEST 2026] Build succeeded
[Tue May  5 16:44:46 CEST 2026] Build succeeded
[Tue May  5 16:49:59 CEST 2026] Build succeeded
[Tue May  5 16:50:32 CEST 2026] Build succeeded
[Tue May  5 16:53:12 CEST 2026] Build succeeded
[Tue May  5 16:53:15 CEST 2026] Build succeeded
[Tue May  5 17:03:15 CEST 2026] Build succeeded
[Tue May  5 17:03:54 CEST 2026] Build succeeded
[Tue May  5 17:04:17 CEST 2026] Build succeeded
[Tue May  5 17:16:21 CEST 2026] Build succeeded
[Tue May  5 17:16:27 CEST 2026] Build succeeded
[Tue May  5 17:17:25 CEST 2026] Build succeeded
[Tue May  5 17:19:38 CEST 2026] Build succeeded
[Tue May  5 17:22:48 CEST 2026] Build succeeded
[Tue May  5 17:38:23 CEST 2026] Build succeeded
[Tue May  5 17:38:34 CEST 2026] Build succeeded
[Tue May  5 17:38:59 CEST 2026] Build succeeded
[Tue May  5 17:39:19 CEST 2026] Build succeeded
[Tue May  5 17:42:19 CEST 2026] Build failed, aux files cleaned
[Tue May  5 17:42:20 CEST 2026] Build failed, aux files cleaned
[Tue May  5 17:42:25 CEST 2026] Build failed, aux files cleaned
[Tue May  5 17:42:26 CEST 2026] Build failed, aux files cleaned
[Tue May  5 17:42:40 CEST 2026] Build failed, aux files cleaned
[Tue May  5 17:42:40 CEST 2026] Build failed, aux files cleaned
[Tue May  5 17:43:43 CEST 2026] Build succeeded
[Tue May  5 17:46:00 CEST 2026] Build succeeded
[Tue May  5 17:48:52 CEST 2026] Build succeeded
[Tue May  5 17:49:32 CEST 2026] Build succeeded
[Tue May  5 17:52:32 CEST 2026] Build succeeded
[Tue May  5 17:52:40 CEST 2026] Build succeeded
[Tue May  5 17:53:14 CEST 2026] Build succeeded
[Tue May  5 17:56:54 CEST 2026] Build succeeded
[Tue May  5 17:57:19 CEST 2026] Build succeeded
[Tue May  5 17:58:29 CEST 2026] Build succeeded
[Tue May  5 17:59:07 CEST 2026] Build succeeded
[Tue May  5 18:00:00 CEST 2026] Build succeeded
[Tue May  5 18:00:04 CEST 2026] Build succeeded
[Tue May  5 18:02:00 CEST 2026] Build failed, aux files cleaned
[Tue May  5 18:02:01 CEST 2026] Build failed, aux files cleaned
[Tue May  5 18:02:09 CEST 2026] Build succeeded
[Tue May  5 18:02:15 CEST 2026] Build succeeded
[Tue May  5 18:02:24 CEST 2026] Build succeeded
[Tue May  5 18:03:20 CEST 2026] Build succeeded
[Tue May  5 18:04:38 CEST 2026] Build succeeded
[Tue May  5 18:05:18 CEST 2026] Build succeeded
[Tue May  5 18:05:27 CEST 2026] Build succeeded
[Fri May 15 11:50:49 CEST 2026] Build succeeded
[Mon Jun 29 21:53:37 CEST 2026] Build succeeded
[Mon Jun 29 21:53:53 CEST 2026] Build succeeded
[Mon Jun 29 21:54:57 CEST 2026] Build failed, aux files cleaned
[Mon Jun 29 21:54:57 CEST 2026] Build succeeded
[Mon Jun 29 21:55:03 CEST 2026] Build failed, aux files cleaned
[Mon Jun 29 21:55:04 CEST 2026] Build failed, aux files cleaned
[Mon Jun 29 21:55:22 CEST 2026] Build succeeded
[Mon Jun 29 21:55:29 CEST 2026] Build succeeded
[Mon Jun 29 21:56:49 CEST 2026] Build succeeded
[Mon Jun 29 22:01:25 CEST 2026] Build succeeded
[Mon Jun 29 22:06:41 CEST 2026] Build succeeded
[Mon Jun 29 22:06:44 CEST 2026] Build succeeded
[Mon Jun 29 22:06:59 CEST 2026] Build succeeded
[Mon Jun 29 22:07:16 CEST 2026] Build succeeded
[Mon Jun 29 22:15:26 CEST 2026] Build failed, aux files cleaned
[Mon Jun 29 22:15:27 CEST 2026] Build failed, aux files cleaned
[Mon Jun 29 22:15:33 CEST 2026] Build succeeded
[Mon Jun 29 22:17:02 CEST 2026] Build succeeded
[Mon Jun 29 22:20:29 CEST 2026] Build succeeded
[Mon Jun 29 22:20:37 CEST 2026] Build succeeded
[Mon Jun 29 23:20:59 CEST 2026] Build succeeded
[Mon Jun 29 23:22:07 CEST 2026] Build succeeded
[Mon Jun 29 23:22:28 CEST 2026] Build succeeded
[Mon Jun 29 23:22:53 CEST 2026] Build succeeded
[Mon Jun 29 23:23:47 CEST 2026] Build succeeded
[Mon Jun 29 23:23:54 CEST 2026] Build succeeded
[Mon Jun 29 23:24:22 CEST 2026] Build succeeded
[Mon Jun 29 23:25:11 CEST 2026] Build succeeded
[Mon Jun 29 23:25:15 CEST 2026] Build succeeded
[Mon Jun 29 23:25:47 CEST 2026] Build succeeded
[Mon Jun 29 23:26:14 CEST 2026] Build succeeded
[Mon Jun 29 23:27:32 CEST 2026] Build succeeded
[Mon Jun 29 23:27:51 CEST 2026] Build succeeded
[Mon Jun 29 23:31:54 CEST 2026] Build succeeded
[Mon Jun 29 23:32:27 CEST 2026] Build succeeded
[Mon Jun 29 23:32:48 CEST 2026] Build succeeded
[Mon Jun 29 23:32:53 CEST 2026] Build succeeded
[Mon Jun 29 23:33:27 CEST 2026] Build succeeded
[Tue Jun 30 00:03:55 CEST 2026] Build succeeded
[Tue Jun 30 00:04:32 CEST 2026] Build succeeded
[Tue Jun 30 00:04:52 CEST 2026] Build succeeded
[Tue Jun 30 00:29:00 CEST 2026] Build succeeded
[Tue Jun 30 00:29:08 CEST 2026] Build succeeded
[Tue Jun 30 00:29:23 CEST 2026] Build succeeded
[Tue Jun 30 00:29:37 CEST 2026] Build succeeded
[Tue Jun 30 00:29:46 CEST 2026] Build succeeded
[Tue Jun 30 00:31:14 CEST 2026] Build succeeded
[Tue Jun 30 01:29:48 CEST 2026] Build succeeded
[Tue Jun 30 09:37:22 CEST 2026] Build succeeded
[Tue Jun 30 09:38:42 CEST 2026] Build succeeded
[Tue Jun 30 09:39:32 CEST 2026] Build succeeded
[Tue Jun 30 09:40:23 CEST 2026] Build succeeded
[Tue Jun 30 09:40:53 CEST 2026] Build succeeded
[Tue Jun 30 09:40:59 CEST 2026] Build succeeded
[Tue Jun 30 09:41:02 CEST 2026] Build succeeded
[Tue Jun 30 09:41:04 CEST 2026] Build succeeded
[Tue Jun 30 09:41:07 CEST 2026] Build succeeded
[Tue Jun 30 09:41:18 CEST 2026] Build succeeded
[Tue Jun 30 09:41:35 CEST 2026] Build succeeded
[Tue Jun 30 09:43:01 CEST 2026] Build succeeded
[Tue Jun 30 09:43:06 CEST 2026] Build succeeded
[Tue Jun 30 09:43:39 CEST 2026] Build succeeded
[Tue Jun 30 09:48:14 CEST 2026] Build succeeded
[Tue Jun 30 09:48:25 CEST 2026] Build succeeded
[Tue Jun 30 09:48:41 CEST 2026] Build succeeded
[Tue Jun 30 09:50:12 CEST 2026] Build succeeded
[Tue Jun 30 09:50:47 CEST 2026] Build succeeded
[Tue Jun 30 09:52:52 CEST 2026] Build failed, aux files cleaned
[Tue Jun 30 09:52:53 CEST 2026] Build failed, aux files cleaned
[Tue Jun 30 09:53:46 CEST 2026] Build succeeded
[Tue Jun 30 09:54:32 CEST 2026] Build succeeded
[Tue Jun 30 09:56:57 CEST 2026] Build succeeded
[Tue Jun 30 09:58:15 CEST 2026] Build succeeded
[Tue Jun 30 09:58:58 CEST 2026] Build succeeded
[Tue Jun 30 09:59:19 CEST 2026] Build failed, aux files cleaned
[Tue Jun 30 09:59:19 CEST 2026] Build failed, aux files cleaned
[Tue Jun 30 09:59:22 CEST 2026] Build succeeded
[Tue Jun 30 09:59:29 CEST 2026] Build succeeded
[Tue Jun 30 09:59:43 CEST 2026] Build succeeded
[Tue Jun 30 10:06:19 CEST 2026] Build failed, aux files cleaned
[Tue Jun 30 10:06:20 CEST 2026] Build failed, aux files cleaned
[Tue Jun 30 10:06:26 CEST 2026] Build failed, aux files cleaned
[Tue Jun 30 10:06:26 CEST 2026] Build failed, aux files cleaned
[Tue Jun 30 10:06:46 CEST 2026] Build failed, aux files cleaned
[Tue Jun 30 10:06:46 CEST 2026] Build failed, aux files cleaned
[Tue Jun 30 10:07:03 CEST 2026] Build succeeded
[Tue Jun 30 10:12:04 CEST 2026] Build failed, aux files cleaned
[Tue Jun 30 10:12:05 CEST 2026] Build failed, aux files cleaned
[Tue Jun 30 10:12:20 CEST 2026] Build succeeded
[Tue Jun 30 10:13:18 CEST 2026] Build succeeded
[Tue Jun 30 10:17:29 CEST 2026] Build succeeded
[Tue Jun 30 10:18:28 CEST 2026] Build succeeded
[Tue Jun 30 10:18:39 CEST 2026] Build succeeded
[Tue Jun 30 10:18:56 CEST 2026] Build succeeded
[Tue Jun 30 10:19:01 CEST 2026] Build succeeded
[Tue Jun 30 10:19:20 CEST 2026] Build failed, aux files cleaned
[Tue Jun 30 10:19:20 CEST 2026] Build failed, aux files cleaned
[Tue Jun 30 10:19:57 CEST 2026] Build failed, aux files cleaned
[Tue Jun 30 10:19:58 CEST 2026] Build failed, aux files cleaned
[Tue Jun 30 10:20:03 CEST 2026] Build failed, aux files cleaned
[Tue Jun 30 10:20:03 CEST 2026] Build failed, aux files cleaned
[Tue Jun 30 10:20:05 CEST 2026] Build succeeded
[Tue Jun 30 10:20:31 CEST 2026] Build succeeded
[Tue Jun 30 10:21:07 CEST 2026] Build succeeded
[Tue Jun 30 10:22:59 CEST 2026] Build failed, aux files cleaned
[Tue Jun 30 10:23:00 CEST 2026] Build failed, aux files cleaned
[Tue Jun 30 10:23:07 CEST 2026] Build failed, aux files cleaned
[Tue Jun 30 10:23:08 CEST 2026] Build failed, aux files cleaned
[Tue Jun 30 10:23:35 CEST 2026] Build failed, aux files cleaned
[Tue Jun 30 10:23:36 CEST 2026] Build failed, aux files cleaned
[Tue Jun 30 10:23:49 CEST 2026] Build failed, aux files cleaned
[Tue Jun 30 10:23:50 CEST 2026] Build failed, aux files cleaned
[Tue Jun 30 10:23:55 CEST 2026] Build succeeded
[Tue Jun 30 10:23:58 CEST 2026] Build succeeded
[Tue Jun 30 10:24:37 CEST 2026] Build succeeded
[Tue Jun 30 10:26:06 CEST 2026] Build succeeded
[Tue Jun 30 10:27:18 CEST 2026] Build succeeded
[Tue Jun 30 10:28:08 CEST 2026] Build succeeded
[Tue Jun 30 10:30:34 CEST 2026] Build succeeded
[Tue Jun 30 10:34:00 CEST 2026] Build failed, aux files cleaned
[Tue Jun 30 10:34:01 CEST 2026] Build failed, aux files cleaned
[Tue Jun 30 10:34:49 CEST 2026] Build failed, aux files cleaned
[Tue Jun 30 10:34:50 CEST 2026] Build failed, aux files cleaned
[Tue Jun 30 10:35:01 CEST 2026] Build succeeded
[Tue Jun 30 10:35:15 CEST 2026] Build succeeded
[Tue Jun 30 10:35:34 CEST 2026] Build succeeded
[Tue Jun 30 10:36:19 CEST 2026] Build succeeded
[Tue Jun 30 10:36:35 CEST 2026] Build succeeded
[Tue Jun 30 10:36:44 CEST 2026] Build failed, aux files cleaned
[Tue Jun 30 10:36:44 CEST 2026] Build failed, aux files cleaned
[Tue Jun 30 10:36:48 CEST 2026] Build succeeded
[Tue Jun 30 10:37:38 CEST 2026] Build succeeded
[Tue Jun 30 10:39:38 CEST 2026] Build succeeded
[Tue Jun 30 10:41:44 CEST 2026] Build failed, aux files cleaned
[Tue Jun 30 10:41:45 CEST 2026] Build failed, aux files cleaned
[Tue Jun 30 10:42:10 CEST 2026] Build succeeded
[Tue Jun 30 10:42:43 CEST 2026] Build succeeded
[Tue Jun 30 10:43:32 CEST 2026] Build succeeded
[Tue Jun 30 10:45:01 CEST 2026] Build succeeded
[Tue Jun 30 10:57:39 CEST 2026] Build failed, aux files cleaned
[Tue Jun 30 10:57:40 CEST 2026] Build failed, aux files cleaned
[Tue Jun 30 10:57:45 CEST 2026] Build failed, aux files cleaned
[Tue Jun 30 10:57:46 CEST 2026] Build failed, aux files cleaned
[Tue Jun 30 10:57:52 CEST 2026] Build succeeded
[Tue Jun 30 10:57:53 CEST 2026] Build succeeded
[Tue Jun 30 10:57:56 CEST 2026] Build succeeded
[Tue Jun 30 12:13:58 CEST 2026] Build succeeded
[Tue Jun 30 12:14:57 CEST 2026] Build succeeded
[Tue Jun 30 12:18:14 CEST 2026] Build succeeded
[Tue Jun 30 12:18:31 CEST 2026] Build succeeded
